Arguments: 
  C:\Program Files\nodejs\node.exe C:\Users\S3djara\AppData\Roaming\npm\node_modules\yarn\bin\yarn.js add -D eslint eslint-plugin-react prettier eslint-config-prettier eslint plugin-prettier

PATH: 
  C:\Program Files (x86)\NVIDIA Corporation\PhysX\Common;C:\Windows\system32;C:\Windows;C:\Windows\System32\Wbem;C:\Windows\System32\WindowsPowerShell\v1.0\;C:\Windows\System32\OpenSSH\;C:\Users\S3djara\AppData\Local\Microsoft\WindowsApps;C:\adb;C:\Program Files\Git\cmd;C:\Program Files\nodejs\;C:\Users\S3djara\AppData\Local\Microsoft\WindowsApps;C:\Users\S3djara\AppData\Local\GitHubDesktop\bin;C:\Program Files\JetBrains\WebStorm 2020.1\bin;;C:\Users\S3djara\AppData\Roaming\npm

Yarn version: 
  1.22.10

Node version: 
  14.16.0

Platform: 
  win32 x64

Trace: 
  Error: https://registry.yarnpkg.com/plugin-prettier: Not found
      at Request.params.callback [as _callback] (C:\Users\S3djara\AppData\Roaming\npm\node_modules\yarn\lib\cli.js:66988:18)
      at Request.self.callback (C:\Users\S3djara\AppData\Roaming\npm\node_modules\yarn\lib\cli.js:140662:22)
      at Request.emit (events.js:315:20)
      at Request.<anonymous> (C:\Users\S3djara\AppData\Roaming\npm\node_modules\yarn\lib\cli.js:141634:10)
      at Request.emit (events.js:315:20)
      at IncomingMessage.<anonymous> (C:\Users\S3djara\AppData\Roaming\npm\node_modules\yarn\lib\cli.js:141556:12)
      at Object.onceWrapper (events.js:421:28)
      at IncomingMessage.emit (events.js:327:22)
      at endReadableNT (internal/streams/readable.js:1327:12)
      at processTicksAndRejections (internal/process/task_queues.js:80:21)

npm manifest: 
  No manifest

yarn manifest: 
  No manifest

Lockfile: 
  No lockfile
